<?xml version="1.0" encoding="UTF-8"?>
<!-- Generated by org.testng.reporters.JUnitReportReporter -->
<testsuite skipped="0" hostname="admin-PC" name="TestNG.AfterClass" tests="2" failures="0" timestamp="2021-07-27T21:48:13 IST" time="0.012" errors="0">
  <testcase name="tc1" time="0.006" classname="TestNG.AfterClass"/>
  <system-out/>
  <testcase name="tc2" time="0.006" classname="TestNG.AfterClass"/>
  <system-out/>
</testsuite> <!-- TestNG.AfterClass -->
